{"/mnt/e/_projects/testes/codes/bitbucket-references/node-knex-jest/knexfile.js": {"path":"/mnt/e/_projects/testes/codes/bitbucket-references/node-knex-jest/knexfile.js","statementMap":{"0":{"start":{"line":1,"column":0},"end":{"line":28,"column":2}}},"fnMap":{},"branchMap":{},"s":{"0":2},"f":{},"b":{},"_coverageSchema":"1a1c01bbd47fc00a2c39e90264f33305004495a9","hash":"1b330026bd545f04c98bc38928f13f92a755843a"}
,"/mnt/e/_projects/testes/codes/bitbucket-references/node-knex-jest/src/server.js": {"path":"/mnt/e/_projects/testes/codes/bitbucket-references/node-knex-jest/src/server.js","statementMap":{"0":{"start":{"line":1,"column":16},"end":{"line":1,"column":34}},"1":{"start":{"line":2,"column":20},"end":{"line":2,"column":42}},"2":{"start":{"line":3,"column":13},"end":{"line":3,"column":28}},"3":{"start":{"line":4,"column":17},"end":{"line":4,"column":39}},"4":{"start":{"line":5,"column":19},"end":{"line":5,"column":41}},"5":{"start":{"line":7,"column":15},"end":{"line":7,"column":24}},"6":{"start":{"line":9,"column":0},"end":{"line":9,"column":36}},"7":{"start":{"line":11,"column":0},"end":{"line":11,"column":27}},"8":{"start":{"line":13,"column":15},"end":{"line":13,"column":34}},"9":{"start":{"line":15,"column":0},"end":{"line":15,"column":34}},"10":{"start":{"line":17,"column":0},"end":{"line":17,"column":27}},"11":{"start":{"line":18,"column":0},"end":{"line":18,"column":39}},"12":{"start":{"line":20,"column":0},"end":{"line":20,"column":19}},"13":{"start":{"line":22,"column":0},"end":{"line":24,"column":3}},"14":{"start":{"line":23,"column":2},"end":{"line":23,"column":32}},"15":{"start":{"line":27,"column":0},"end":{"line":27,"column":24}}},"fnMap":{"0":{"name":"(anonymous_0)","decl":{"start":{"line":22,"column":16},"end":{"line":22,"column":17}},"loc":{"start":{"line":22,"column":28},"end":{"line":24,"column":1}},"line":22}},"branchMap":{},"s":{"0":2,"1":2,"2":2,"3":2,"4":2,"5":2,"6":2,"7":2,"8":2,"9":2,"10":2,"11":2,"12":2,"13":2,"14":1,"15":2},"f":{"0":1},"b":{},"_coverageSchema":"1a1c01bbd47fc00a2c39e90264f33305004495a9","hash":"b9430ead8ca15fca13e98327428a5b2782fcdaf6"}
,"/mnt/e/_projects/testes/codes/bitbucket-references/node-knex-jest/src/api/users.js": {"path":"/mnt/e/_projects/testes/codes/bitbucket-references/node-knex-jest/src/api/users.js","statementMap":{"0":{"start":{"line":1,"column":16},"end":{"line":1,"column":34}},"1":{"start":{"line":6,"column":6},"end":{"line":6,"column":37}},"2":{"start":{"line":7,"column":6},"end":{"line":7,"column":14}},"3":{"start":{"line":8,"column":6},"end":{"line":8,"column":20}},"4":{"start":{"line":12,"column":6},"end":{"line":12,"column":55}},"5":{"start":{"line":13,"column":6},"end":{"line":13,"column":56}},"6":{"start":{"line":18,"column":34},"end":{"line":18,"column":42}},"7":{"start":{"line":20,"column":6},"end":{"line":20,"column":62}},"8":{"start":{"line":20,"column":17},"end":{"line":20,"column":62}},"9":{"start":{"line":21,"column":6},"end":{"line":21,"column":64}},"10":{"start":{"line":21,"column":18},"end":{"line":21,"column":64}},"11":{"start":{"line":22,"column":6},"end":{"line":22,"column":62}},"12":{"start":{"line":22,"column":17},"end":{"line":22,"column":62}},"13":{"start":{"line":24,"column":30},"end":{"line":24,"column":78}},"14":{"start":{"line":26,"column":6},"end":{"line":28,"column":7}},"15":{"start":{"line":27,"column":9},"end":{"line":27,"column":59}},"16":{"start":{"line":30,"column":21},"end":{"line":30,"column":76}},"17":{"start":{"line":32,"column":6},"end":{"line":32,"column":45}},"18":{"start":{"line":36,"column":6},"end":{"line":36,"column":32}},"19":{"start":{"line":37,"column":21},"end":{"line":37,"column":52}},"20":{"start":{"line":38,"column":6},"end":{"line":38,"column":42}},"21":{"start":{"line":42,"column":0},"end":{"line":42,"column":34}}},"fnMap":{"0":{"name":"(anonymous_0)","decl":{"start":{"line":4,"column":3},"end":{"line":4,"column":4}},"loc":{"start":{"line":4,"column":17},"end":{"line":9,"column":4}},"line":4},"1":{"name":"(anonymous_1)","decl":{"start":{"line":11,"column":3},"end":{"line":11,"column":4}},"loc":{"start":{"line":11,"column":12},"end":{"line":14,"column":4}},"line":11},"2":{"name":"(anonymous_2)","decl":{"start":{"line":16,"column":3},"end":{"line":16,"column":4}},"loc":{"start":{"line":16,"column":25},"end":{"line":33,"column":4}},"line":16},"3":{"name":"(anonymous_3)","decl":{"start":{"line":35,"column":3},"end":{"line":35,"column":4}},"loc":{"start":{"line":35,"column":25},"end":{"line":39,"column":4}},"line":35}},"branchMap":{"0":{"loc":{"start":{"line":20,"column":6},"end":{"line":20,"column":62}},"type":"if","locations":[{"start":{"line":20,"column":6},"end":{"line":20,"column":62}},{"start":{"line":20,"column":6},"end":{"line":20,"column":62}}],"line":20},"1":{"loc":{"start":{"line":21,"column":6},"end":{"line":21,"column":64}},"type":"if","locations":[{"start":{"line":21,"column":6},"end":{"line":21,"column":64}},{"start":{"line":21,"column":6},"end":{"line":21,"column":64}}],"line":21},"2":{"loc":{"start":{"line":22,"column":6},"end":{"line":22,"column":62}},"type":"if","locations":[{"start":{"line":22,"column":6},"end":{"line":22,"column":62}},{"start":{"line":22,"column":6},"end":{"line":22,"column":62}}],"line":22},"3":{"loc":{"start":{"line":26,"column":6},"end":{"line":28,"column":7}},"type":"if","locations":[{"start":{"line":26,"column":6},"end":{"line":28,"column":7}},{"start":{"line":26,"column":6},"end":{"line":28,"column":7}}],"line":26},"4":{"loc":{"start":{"line":26,"column":10},"end":{"line":26,"column":55}},"type":"binary-expr","locations":[{"start":{"line":26,"column":10},"end":{"line":26,"column":25}},{"start":{"line":26,"column":29},"end":{"line":26,"column":55}}],"line":26}},"s":{"0":2,"1":2,"2":2,"3":2,"4":2,"5":2,"6":5,"7":5,"8":1,"9":4,"10":1,"11":3,"12":1,"13":2,"14":2,"15":1,"16":1,"17":1,"18":1,"19":1,"20":1,"21":2},"f":{"0":2,"1":2,"2":5,"3":1},"b":{"0":[1,4],"1":[1,3],"2":[1,2],"3":[1,1],"4":[2,2]},"_coverageSchema":"1a1c01bbd47fc00a2c39e90264f33305004495a9","hash":"f5656573da6bdff31a185b01c9205a485679374c"}
}
