{"/mnt/e/_projects/testes/codes/bitbucket-references/node-knex-jest/knexfile.js": {"path":"/mnt/e/_projects/testes/codes/bitbucket-references/node-knex-jest/knexfile.js","statementMap":{"0":{"start":{"line":1,"column":0},"end":{"line":15,"column":1}}},"fnMap":{},"branchMap":{},"s":{"0":2},"f":{},"b":{},"_coverageSchema":"1a1c01bbd47fc00a2c39e90264f33305004495a9","hash":"cd5e8973776f4ccdff2a113aa5e9452da3cb8804"}
,"/mnt/e/_projects/testes/codes/bitbucket-references/node-knex-jest/src/server.js": {"path":"/mnt/e/_projects/testes/codes/bitbucket-references/node-knex-jest/src/server.js","statementMap":{"0":{"start":{"line":1,"column":16},"end":{"line":1,"column":34}},"1":{"start":{"line":2,"column":20},"end":{"line":2,"column":42}},"2":{"start":{"line":3,"column":13},"end":{"line":3,"column":28}},"3":{"start":{"line":4,"column":17},"end":{"line":4,"column":39}},"4":{"start":{"line":5,"column":19},"end":{"line":5,"column":41}},"5":{"start":{"line":7,"column":15},"end":{"line":7,"column":24}},"6":{"start":{"line":9,"column":0},"end":{"line":9,"column":33}},"7":{"start":{"line":11,"column":0},"end":{"line":11,"column":27}},"8":{"start":{"line":13,"column":15},"end":{"line":13,"column":31}},"9":{"start":{"line":15,"column":0},"end":{"line":15,"column":33}},"10":{"start":{"line":17,"column":0},"end":{"line":17,"column":27}},"11":{"start":{"line":18,"column":0},"end":{"line":18,"column":39}},"12":{"start":{"line":20,"column":0},"end":{"line":20,"column":19}},"13":{"start":{"line":22,"column":0},"end":{"line":24,"column":3}},"14":{"start":{"line":23,"column":3},"end":{"line":23,"column":33}},"15":{"start":{"line":27,"column":0},"end":{"line":27,"column":24}}},"fnMap":{"0":{"name":"(anonymous_0)","decl":{"start":{"line":22,"column":16},"end":{"line":22,"column":17}},"loc":{"start":{"line":22,"column":28},"end":{"line":24,"column":1}},"line":22}},"branchMap":{},"s":{"0":2,"1":2,"2":2,"3":2,"4":2,"5":2,"6":2,"7":2,"8":2,"9":2,"10":2,"11":2,"12":2,"13":2,"14":1,"15":2},"f":{"0":1},"b":{},"_coverageSchema":"1a1c01bbd47fc00a2c39e90264f33305004495a9","hash":"f37adc164129789216ccc26b8747bc03cd6e328d"}
,"/mnt/e/_projects/testes/codes/bitbucket-references/node-knex-jest/src/api/users.js": {"path":"/mnt/e/_projects/testes/codes/bitbucket-references/node-knex-jest/src/api/users.js","statementMap":{"0":{"start":{"line":1,"column":16},"end":{"line":1,"column":34}},"1":{"start":{"line":10,"column":6},"end":{"line":10,"column":37}},"2":{"start":{"line":11,"column":6},"end":{"line":11,"column":15}},"3":{"start":{"line":12,"column":6},"end":{"line":12,"column":20}},"4":{"start":{"line":16,"column":6},"end":{"line":16,"column":44}},"5":{"start":{"line":17,"column":6},"end":{"line":17,"column":45}},"6":{"start":{"line":20,"column":11},"end":{"line":35,"column":4}},"7":{"start":{"line":22,"column":36},"end":{"line":22,"column":44}},"8":{"start":{"line":24,"column":6},"end":{"line":24,"column":62}},"9":{"start":{"line":24,"column":16},"end":{"line":24,"column":62}},"10":{"start":{"line":25,"column":6},"end":{"line":25,"column":64}},"11":{"start":{"line":25,"column":17},"end":{"line":25,"column":64}},"12":{"start":{"line":26,"column":6},"end":{"line":26,"column":62}},"13":{"start":{"line":26,"column":16},"end":{"line":26,"column":62}},"14":{"start":{"line":28,"column":30},"end":{"line":28,"column":80}},"15":{"start":{"line":30,"column":6},"end":{"line":30,"column":110}},"16":{"start":{"line":30,"column":58},"end":{"line":30,"column":110}},"17":{"start":{"line":32,"column":21},"end":{"line":32,"column":78}},"18":{"start":{"line":34,"column":6},"end":{"line":34,"column":45}},"19":{"start":{"line":37,"column":11},"end":{"line":40,"column":4}},"20":{"start":{"line":38,"column":21},"end":{"line":38,"column":52}},"21":{"start":{"line":39,"column":6},"end":{"line":39,"column":42}},"22":{"start":{"line":45,"column":0},"end":{"line":45,"column":34}}},"fnMap":{"0":{"name":"(anonymous_0)","decl":{"start":{"line":9,"column":3},"end":{"line":9,"column":4}},"loc":{"start":{"line":9,"column":16},"end":{"line":13,"column":4}},"line":9},"1":{"name":"(anonymous_1)","decl":{"start":{"line":15,"column":3},"end":{"line":15,"column":4}},"loc":{"start":{"line":15,"column":11},"end":{"line":18,"column":4}},"line":15},"2":{"name":"(anonymous_2)","decl":{"start":{"line":20,"column":11},"end":{"line":20,"column":12}},"loc":{"start":{"line":20,"column":31},"end":{"line":35,"column":4}},"line":20},"3":{"name":"(anonymous_3)","decl":{"start":{"line":37,"column":11},"end":{"line":37,"column":12}},"loc":{"start":{"line":37,"column":31},"end":{"line":40,"column":4}},"line":37}},"branchMap":{"0":{"loc":{"start":{"line":24,"column":6},"end":{"line":24,"column":62}},"type":"if","locations":[{"start":{"line":24,"column":6},"end":{"line":24,"column":62}},{"start":{"line":24,"column":6},"end":{"line":24,"column":62}}],"line":24},"1":{"loc":{"start":{"line":25,"column":6},"end":{"line":25,"column":64}},"type":"if","locations":[{"start":{"line":25,"column":6},"end":{"line":25,"column":64}},{"start":{"line":25,"column":6},"end":{"line":25,"column":64}}],"line":25},"2":{"loc":{"start":{"line":26,"column":6},"end":{"line":26,"column":62}},"type":"if","locations":[{"start":{"line":26,"column":6},"end":{"line":26,"column":62}},{"start":{"line":26,"column":6},"end":{"line":26,"column":62}}],"line":26},"3":{"loc":{"start":{"line":30,"column":6},"end":{"line":30,"column":110}},"type":"if","locations":[{"start":{"line":30,"column":6},"end":{"line":30,"column":110}},{"start":{"line":30,"column":6},"end":{"line":30,"column":110}}],"line":30},"4":{"loc":{"start":{"line":30,"column":9},"end":{"line":30,"column":54}},"type":"binary-expr","locations":[{"start":{"line":30,"column":9},"end":{"line":30,"column":24}},{"start":{"line":30,"column":28},"end":{"line":30,"column":54}}],"line":30}},"s":{"0":2,"1":2,"2":2,"3":2,"4":2,"5":2,"6":2,"7":5,"8":5,"9":1,"10":4,"11":1,"12":3,"13":1,"14":2,"15":2,"16":1,"17":1,"18":1,"19":2,"20":1,"21":1,"22":2},"f":{"0":2,"1":2,"2":5,"3":1},"b":{"0":[1,4],"1":[1,3],"2":[1,2],"3":[1,1],"4":[2,2]},"_coverageSchema":"1a1c01bbd47fc00a2c39e90264f33305004495a9","hash":"f27b86187814813ebc9d77cf87dd7cd07ac7704d"}
}
