TN:
SF:knexfile.js
FNF:0
FNH:0
DA:1,2
LF:1
LH:1
BRF:0
BRH:0
end_of_record
TN:
SF:src/server.js
FN:22,(anonymous_0)
FNF:1
FNH:1
FNDA:1,(anonymous_0)
DA:1,2
DA:2,2
DA:3,2
DA:4,2
DA:5,2
DA:7,2
DA:9,2
DA:11,2
DA:13,2
DA:15,2
DA:17,2
DA:18,2
DA:20,2
DA:22,2
DA:23,1
DA:27,2
LF:16
LH:16
BRF:0
BRH:0
end_of_record
TN:
SF:src/api/users.js
FN:9,(anonymous_0)
FN:15,(anonymous_1)
FN:20,(anonymous_2)
FN:37,(anonymous_3)
FNF:4
FNH:4
FNDA:2,(anonymous_0)
FNDA:2,(anonymous_1)
FNDA:5,(anonymous_2)
FNDA:1,(anonymous_3)
DA:1,2
DA:10,2
DA:11,2
DA:12,2
DA:16,2
DA:17,2
DA:20,2
DA:22,5
DA:24,5
DA:25,4
DA:26,3
DA:28,2
DA:30,2
DA:32,1
DA:34,1
DA:37,2
DA:38,1
DA:39,1
DA:45,2
LF:19
LH:19
BRDA:24,0,0,1
BRDA:24,0,1,4
BRDA:25,1,0,1
BRDA:25,1,1,3
BRDA:26,2,0,1
BRDA:26,2,1,2
BRDA:30,3,0,1
BRDA:30,3,1,1
BRDA:30,4,0,2
BRDA:30,4,1,2
BRF:10
BRH:10
end_of_record
